0 info it worked if it ends with ok
1 verbose cli [ '/Users/jonjamz/.nvm/v0.10.25/bin/node',
1 verbose cli   '/Users/jonjamz/.nvm/v0.10.25/bin/npm',
1 verbose cli   'run',
1 verbose cli   'testing-web' ]
2 info using npm@1.3.24
3 info using node@v0.10.25
4 error Error: ENOENT, open '/Users/jonjamz/Sites/templates:tabs/package.json'
5 error If you need help, you may report this *entire* log,
5 error including the npm and node versions, at:
5 error     <http://github.com/isaacs/npm/issues>
6 error System Darwin 13.3.0
7 error command "/Users/jonjamz/.nvm/v0.10.25/bin/node" "/Users/jonjamz/.nvm/v0.10.25/bin/npm" "run" "testing-web"
8 error cwd /Users/jonjamz/Sites/templates:tabs
9 error node -v v0.10.25
10 error npm -v 1.3.24
11 error path /Users/jonjamz/Sites/templates:tabs/package.json
12 error code ENOENT
13 error errno 34
14 verbose exit [ 34, true ]
